<?xml version="1.0" encoding="UTF-8"?>
<!-- Generated by org.testng.reporters.JUnitReportReporter -->
<testsuite skipped="0" hostname="ramsunkara" name="DriverFactory.AppTest" tests="1" failures="0" timestamp="19 Jul 2019 07:38:33 GMT" time="63.099" errors="0">
  <testcase name="now" time="63.099" classname="DriverFactory.AppTest"/>
</testsuite> <!-- DriverFactory.AppTest -->
